<?xml version="1.0" encoding="UTF-8"?>
<!-- Generated by org.testng.reporters.JUnitReportReporter -->
<testsuite hostname="DESKTOP-9HH6LIH" failures="0" tests="6" name="TestNG_projects.Grouping" time="0.026" errors="0" timestamp="2024-10-10T19:00:13 IST" skipped="0">
  <testcase classname="TestNG_projects.Grouping" name="MSI" time="0.001"/>
  <system-out/>
  <testcase classname="TestNG_projects.Grouping" name="Apple" time="0.021"/>
  <system-out/>
  <testcase classname="TestNG_projects.Grouping" name="Asus" time="0.001"/>
  <system-out/>
  <testcase classname="TestNG_projects.Grouping" name="samsung" time="0.001"/>
  <system-out/>
  <testcase classname="TestNG_projects.Grouping" name="apple" time="0.001"/>
  <system-out/>
  <testcase classname="TestNG_projects.Grouping" name="redmi" time="0.001"/>
  <system-out/>
</testsuite> <!-- TestNG_projects.Grouping -->
