<?xml version="1.0" encoding="UTF-8"?>
<!-- Generated by org.testng.reporters.JUnitReportReporter -->
<testsuite hostname="DESKTOP-9HH6LIH" failures="0" tests="2" name="TestNG_projects.Dependency" time="4.292" errors="0" timestamp="2024-10-11T10:50:49 IST" skipped="0">
  <testcase classname="TestNG_projects.Dependency" name="searchproduct" time="2.016"/>
  <system-out/>
  <testcase classname="TestNG_projects.Dependency" name="browserlaunch" time="2.276"/>
  <system-out/>
</testsuite> <!-- TestNG_projects.Dependency -->
