<?xml version="1.0" encoding="UTF-8"?>
<!-- Generated by org.testng.reporters.JUnitReportReporter -->
<testsuite hostname="DESKTOP-9HH6LIH" failures="0" tests="3" name="TestNG_projects.InvocationCount" time="13.474" errors="0" timestamp="2024-10-11T21:19:02 IST" skipped="0">
  <testcase classname="TestNG_projects.InvocationCount" name="email" time="5.490"/>
  <system-out/>
  <testcase classname="TestNG_projects.InvocationCount" name="email" time="7.983"/>
  <system-out/>
  <testcase classname="TestNG_projects.InvocationCount" name="password" time="0.001"/>
  <system-out/>
</testsuite> <!-- TestNG_projects.InvocationCount -->
