<?xml version="1.0" encoding="UTF-8"?>
<!-- Generated by org.testng.reporters.JUnitReportReporter -->
<testsuite hostname="DESKTOP-9HH6LIH" failures="0" tests="3" name="TestNG_projects.DataProvider" time="5.385" errors="0" timestamp="2024-10-11T21:22:33 IST" skipped="0">
  <testcase classname="TestNG_projects.DataProvider" name="login" time="2.237"/>
  <system-out/>
  <testcase classname="TestNG_projects.DataProvider" name="login" time="0.213"/>
  <system-out/>
  <testcase classname="TestNG_projects.DataProvider" name="fblaunch" time="2.935"/>
  <system-out/>
</testsuite> <!-- TestNG_projects.DataProvider -->
