<?xml version="1.0" encoding="UTF-8"?>
<!-- Generated by org.testng.reporters.JUnitReportReporter -->
<testsuite hostname="DESKTOP-9HH6LIH" failures="0" tests="1" name="TestNG_projects.TimeOut" time="2.022" errors="0" timestamp="2024-10-11T11:08:18 IST" skipped="0">
  <testcase classname="TestNG_projects.TimeOut" name="fblaunch" time="2.022"/>
  <system-out/>
</testsuite> <!-- TestNG_projects.TimeOut -->
