<?xml version="1.0" encoding="UTF-8"?>
<!-- Generated by org.testng.reporters.JUnitReportReporter -->
<testsuite hostname="DESKTOP-9HH6LIH" failures="0" tests="2" name="TestNG_projects.Ignore" time="0.009" errors="0" timestamp="2024-10-10T13:19:35 IST" skipped="1">
  <testcase classname="TestNG_projects.Ignore" name="Flipcart" time="0.009"/>
  <system-out/>
  <testcase classname="TestNG_projects.Ignore" name="productsearch">
    <skipped/>
  </testcase> <!-- productsearch -->
  <system-out/>
</testsuite> <!-- TestNG_projects.Ignore -->
