<?xml version="1.0" encoding="UTF-8"?>
<!-- Generated by org.testng.reporters.JUnitReportReporter -->
<testsuite hostname="DESKTOP-9HH6LIH" failures="0" tests="1" name="TestNG_projects.ParallelTest" time="3.589" errors="0" timestamp="2024-10-11T21:17:52 IST" skipped="0">
  <testcase classname="TestNG_projects.ParallelTest" name="insta" time="3.589"/>
  <system-out/>
</testsuite> <!-- TestNG_projects.ParallelTest -->
