<?xml version="1.0" encoding="UTF-8"?>
<!-- Generated by org.testng.reporters.JUnitReportReporter -->
<testsuite hostname="DESKTOP-9HH6LIH" failures="0" tests="3" name="TestNG_projects.Priority" time="0.015" errors="0" timestamp="2024-10-10T18:32:29 IST" skipped="0">
  <testcase classname="TestNG_projects.Priority" name="login" time="0.014"/>
  <system-out/>
  <testcase classname="TestNG_projects.Priority" name="searchproduct" time="0.001"/>
  <system-out/>
  <testcase classname="TestNG_projects.Priority" name="browserlaunch" time="0.000"/>
  <system-out/>
</testsuite> <!-- TestNG_projects.Priority -->
