<?xml version="1.0" encoding="UTF-8"?>
<!-- Generated by org.testng.reporters.JUnitReportReporter -->
<testsuite hostname="DESKTOP-9HH6LIH" failures="0" tests="1" name="TestNG_projects.SimpleAnnotaions" time="0.007" errors="0" timestamp="2024-10-10T13:06:57 IST" skipped="0">
  <testcase classname="TestNG_projects.SimpleAnnotaions" name="selectproduct" time="0.007"/>
  <system-out/>
</testsuite> <!-- TestNG_projects.SimpleAnnotaions -->
